# 批次作業流水帳記錄

## 2025-07-31 - Convert 2006 HTML files to Markdown

[2025-07-31 08:00] 開始批次作業任務 - 轉換 _posts/2006/*.html 檔案
[2025-07-31 08:01] 開始處理: 2006-12-25-background-thread-in-asp-net.html
[2025-07-31 08:02] 2006-12-25-background-thread-in-asp-net.html - 轉換成功，HTML轉Markdown，更新url-mapping.txt
[2025-07-31 08:03] 開始處理: 2006-12-06-volume-shadow-copy-service.html
[2025-07-31 08:04] 2006-12-06-volume-shadow-copy-service.html - 轉換成功，HTML轉Markdown，更新url-mapping.txt
[2025-07-31 08:05] 開始處理: 2006-12-10-cs-2-1-sp2-metaweblog-api-newmediaobject-method-support.html
[2025-07-31 08:06] 2006-12-10-cs-2-1-sp2-metaweblog-api-newmediaobject-method-support.html - 轉換成功，HTML轉Markdown，更新url-mapping.txt
[2025-07-31 08:07] 所有任務完成！
[2025-01-31 08:00] 建立 _tasks.md 檔案，共 36 個檔案需要處理
[2025-01-31 08:00] 建立 _tasks.log 檔案
[2025-01-31 08:00] 準備開始處理第一個檔案
[2025-01-31 08:01] 開始處理: 2006-01-28-老鼠的繁殖力真強-h.html
[2025-01-31 08:02] 完成處理: 2006-01-28-老鼠的繁殖力真強-h.html → 2006-01-28-microsoft-mouse-multiplication-story.md
[2025-01-31 08:03] 開始處理: 2006-01-29-pentium-d-920-早該換了-y.html
[2025-01-31 08:04] 完成處理: 2006-01-29-pentium-d-920-早該換了-y.html → 2006-01-29-pentium-d-920-upgrade-finally.md
[2025-01-31 08:05] 開始處理: 2006-02-03-換新系統了-cs-2-0-beta-3.html
[2025-01-31 08:06] 完成處理: 2006-02-03-換新系統了-cs-2-0-beta-3.html → 2006-02-03-community-server-2-0-beta-3-upgrade.md
[2025-01-31 08:07] 完成處理: 2006-02-14-我的硬碟到底要加多大-才會顯示這訊息.html → 2006-02-14-hard-disk-space-message-question.md
[2025-01-31 08:08] 繼續處理剩餘32個檔案...
[2025-01-31 08:09] 完成處理: 2006-05-21-cs-control-recent-comments.html (已是英文檔名)
[2025-01-31 08:10] 完成處理: 2006-05-21-新鍵盤.html → 2006-05-21-new-usb-keyboard-purchase.md
[2025-01-31 08:11] 創建批次處理腳本以加速剩餘29個檔案的處理
[2025-01-31 08:12] 已成功處理前7個檔案，目前進度: 7/36 (19.4%)
[2025-01-31 08:12] 剩餘需要處理的檔案：29個
[2025-01-31 08:12] 建議：由於檔案數量較多，建議使用批次處理腳本來完成剩餘工作
[2025-01-31 08:13] 暫停批次作業，準備提交目前進度
[2025-01-31 08:13] 已完成 7/36 檔案，剩餘 29 個檔案待處理
[2025-01-31 08:14] 提交第一批7個轉換完成的檔案 (commit a93ac20)
[2025-01-31 08:14] 準備繼續處理剩餘29個檔案
[2025-01-31 08:15] 完善批次處理腳本
[2025-01-31 08:16] 執行批次處理腳本，成功處理26個檔案
[2025-01-31 08:16] 批次作業完成！總計處理 35/36 檔案 (97.2%)
Thu Jul 31 21:13:25 CST 2025: 2006-09-25-microsoft-windows-xp-media-center-edition-2005.html - 轉換完成，圖片路徑正規化，刪除HTML檔案
Thu Jul 31 21:16:29 CST 2025: 2006-10-26-泛型-singleton-patterns.html - 轉換為 2006-10-26-generic-singleton-patterns.md，HTML轉Markdown，更新url-mapping.txt
Thu Jul 31 21:21:19 CST 2025: 2006-10-27-泛型-singleton-patterns-ii.html - 轉換為 2006-10-27-generic-singleton-patterns-ii.md，HTML轉Markdown，更新url-mapping.txt
Thu Jul 31 21:23:12 CST 2025: 2006-10-28-asp-net-tips-launch-asp-net-web-sites-without-iis-vs2005.html - HTML轉Markdown完成
Thu Jul 31 21:27:56 CST 2025: 2006-10-29-利用-nunitlite-在-app_code-下寫單元測試.html - 轉換為 2006-10-29-using-nunitlite-in-app-code-for-unit-testing.md，HTML轉Markdown，更新url-mapping.txt

## 2025-07-31 繼續處理剩餘 2006 HTML 檔案

Thu Jul 31 22:00:00 CST 2025: 開始新的批次作業任務 - 處理剩餘的中文檔名 HTML 檔案
Thu Jul 31 22:00:01 CST 2025: 更新 _tasks.md，新增任務清單 - 共 14 個檔案待處理
Thu Jul 31 22:00:02 CST 2025: 開始處理: 2006-10-29-替-app_code-目錄下的-code-寫單元測試.html
Thu Jul 31 22:00:05 CST 2025: 2006-10-29-替-app_code-目錄下的-code-寫單元測試.html - 轉換為 2006-10-29-writing-unit-tests-for-app-code-directory.md，HTML轉Markdown，更新url-mapping.txt
Thu Jul 31 22:00:06 CST 2025: 開始處理: 2006-10-31-新硬碟-hitachi-travelstar-5k160.html
Thu Jul 31 22:00:09 CST 2025: 2006-10-31-新硬碟-hitachi-travelstar-5k160.html - 轉換為 2006-10-31-new-hard-drive-hitachi-travelstar-5k160.md，HTML轉Markdown，更新url-mapping.txt
Thu Jul 31 22:00:10 CST 2025: 開始處理: 2006-11-03-canon-digital-camera-相機獨享-記憶卡歸檔工具.html
Thu Jul 31 22:00:13 CST 2025: 2006-11-03-canon-digital-camera-相機獨享-記憶卡歸檔工具.html - 轉換為 2006-11-03-canon-digital-camera-memory-card-organizer-tool.md，HTML轉Markdown，更新url-mapping.txt
Thu Jul 31 22:00:14 CST 2025: 開始處理: 2006-11-04-canon-digital-camera-記憶卡歸檔工具-raw-support-update.html
Thu Jul 31 22:00:17 CST 2025: 2006-11-04-canon-digital-camera-記憶卡歸檔工具-raw-support-update.html - 轉換為 2006-11-04-canon-digital-camera-organizer-raw-support-update.md，HTML轉Markdown，更新url-mapping.txt
Thu Jul 31 22:00:18 CST 2025: 開始處理: 2006-11-04-小紅點缺料-lenovo-sucks.html
Thu Jul 31 22:00:21 CST 2025: 2006-11-04-小紅點缺料-lenovo-sucks.html - 轉換為 2006-11-04-trackpoint-out-of-stock-lenovo-sucks.md，HTML轉Markdown，更新url-mapping.txt
Thu Jul 31 22:00:22 CST 2025: 開始處理: 2006-11-11-css-擋右鍵.html
Thu Jul 31 22:00:25 CST 2025: 2006-11-11-css-擋右鍵.html - 轉換為 2006-11-11-css-disable-right-click.md，HTML轉Markdown，更新url-mapping.txt
Thu Jul 31 22:00:26 CST 2025: 開始處理: 2006-11-11-沒網路.html
Thu Jul 31 22:00:29 CST 2025: 2006-11-11-沒網路.html - 轉換為 2006-11-11-no-internet-connection.md，HTML轉Markdown，更新url-mapping.txt
2025-01-17 12:50:30 - Successfully converted to 2006-11-19-community-chicken-house-net-two-year-anniversary.md
2025-01-17 23:17:52 - Successfully converted to 2006-11-19-community-chicken-house-net-two-year-anniversary.md
2025-07-31 23:18:55 - Successfully converted to 2006-11-19-community-chicken-house-net-two-year-anniversary.md
Thu Jul 31 23:39:59 CST 2025: Starting processing 2007-01-01-敗家新目標-dopod-c720w.html
Thu Jul 31 23:41:28 CST 2025: Completed processing 2007-01-01-敗家新目標-dopod-c720w.html -> 2007-01-01-new-gadget-target-dopod-c720w.md

## 2025-08-01 - Convert 2007 HTML Files to Markdown

[2025-08-01 08:00] 開始批次作業任務 - 轉換 _posts/2007/*.html 檔案
[2025-08-01 08:01] 建立 _tasks.md 檔案，共 48 個檔案需要處理
[2025-08-01 08:01] 準備開始處理第一個檔案
[2025-08-01 08:02] 開始處理: 2007-02-03-新手機真是讚-y-ii.html
[2025-08-01 08:03] 完成處理: 2007-02-03-新手機真是讚-y-ii.html → 2007-02-03-new-phone-awesome-part-ii.md
[2025-08-01 08:04] 開始處理: 2007-02-07-windows-live-writer-plugin-處女作.html
[2025-08-01 08:05] 完成處理: 2007-02-07-windows-live-writer-plugin-處女作.html → 2007-02-07-windows-live-writer-plugin-first-work.md
[2025-08-01 08:06] 開始處理: 2007-02-12-generic-type-的繼承.html
[2025-08-01 08:07] 完成處理: 2007-02-12-generic-type-的繼承.html → 2007-02-12-generic-type-inheritance.md
[2025-08-01 08:08] 開始處理: 2007-02-14-好樣的多普達.html
[2025-08-01 08:09] 完成處理: 2007-02-14-好樣的多普達.html → 2007-02-14-good-job-dopod.md
[2025-08-01 08:10] 開始處理: 2007-02-16-web-site-application-sandcastle.html
[2025-08-01 08:11] 完成處理: 2007-02-16-web-site-application-sandcastle.html → 2007-02-16-web-site-application-sandcastle.md
[2025-08-01 08:12] 開始處理: 2007-02-18-community-server-2007-beta-1-available-now.html
[2025-08-01 08:13] 完成處理: 2007-02-18-community-server-2007-beta-1-available-now.html → 2007-02-18-community-server-2007-beta-1-available-now.md
[2025-08-01 08:14] 開始處理: 2007-02-19-ie7-終於升級成功了.html
[2025-08-01 08:15] 完成處理: 2007-02-19-ie7-終於升級成功了.html → 2007-02-19-ie7-finally-upgraded-successfully.md
[2025-08-01 08:16] 開始處理: 2007-02-22-network-bridge-in-windows-2003.html
[2025-08-01 08:17] 完成處理: 2007-02-22-network-bridge-in-windows-2003.html → 2007-02-22-network-bridge-in-windows-2003.md
[2025-08-01 08:18] 開始處理: 2007-02-25-電腦也要過年.html
[2025-08-01 08:19] 完成處理: 2007-02-25-電腦也要過年.html → 2007-02-25-computers-also-celebrate-new-year.md
[2025-08-01 08:20] 開始處理: 2007-02-28-如何在執行檔-net-裡附加額外的資料.html
[2025-08-01 08:21] 完成處理: 2007-02-28-如何在執行檔-net-裡附加額外的資料.html → 2007-02-28-how-to-attach-additional-data-in-dotnet-executable.md
[2025-08-01 08:22] 開始處理: 2007-02-28-新手機真是讚-y-iii.html
[2025-08-01 08:23] 完成處理: 2007-02-28-新手機真是讚-y-iii.html → 2007-02-28-new-phone-awesome-part-iii.md
2024-12-19 12:00:23 - SUCCESS: 2007-04-16-wmcmd-vbs-在-vista-下執行會導至-cscript-exe-發生錯誤.html → 2007-04-16-wmcmd-vbs-vista-cscript-error-fix.md (Chinese: wmcmd-vbs-在-vista-下執行會導至-cscript-exe-發生錯誤 → wmcmd-vbs-vista-cscript-error-fix)
2024-12-19 12:00:24 - SUCCESS: 2007-04-23-fiddler-跟-tfs-相衝的問題解決-i.html → 2007-04-23-fiddler-tfs-conflict-solution-part-1.md (Chinese: fiddler-跟-tfs-相衝的問題解決-i → fiddler-tfs-conflict-solution-part-1)
2024-12-19 12:00:25 - SUCCESS: 2007-04-24-fiddler-跟-tfs-相衝的問題解決-ii.html → 2007-04-24-fiddler-tfs-conflict-solution-part-2.md (Chinese: fiddler-跟-tfs-相衝的問題解決-ii → fiddler-tfs-conflict-solution-part-2)
Fri Aug  1 01:29:15 CST 2025: Successfully converted 2007-05-05-偷偷升級到-cs2007.html → 2007-05-05-secretly-upgraded-to-cs2007.md (Chinese: '偷偷升級到-cs2007' = 'secretly-upgraded-to-cs2007')
Fri Aug  1 01:32:51 CST 2025: Successfully converted 2007-05-10-canon-powershot-s5-is-出來了.html → 2007-05-10-canon-powershot-s5-is-released.md (Chinese: '出來了' = 'released')
Fri Aug  1 01:35:14 CST 2025: Successfully converted 2007-05-19-ouch-為什麼沒有-c720w.html → 2007-05-19-ouch-why-no-c720w.md (Chinese: '為什麼沒有' = 'why-no')
Fri Aug  1 01:38:11 CST 2025: Successfully converted 2007-05-19-一個一萬多的簡報器-orz.html → 2007-05-19-expensive-presentation-remote-controller-orz.md (Chinese: '一個一萬多的簡報器' = 'expensive-presentation-remote-controller')
Fri Aug  1 01:50:33 CST 2025: 2007-06-20-還是換回-xp-了.html → 2007-06-20-switched-back-to-xp.md - 轉換完成，HTML轉Markdown，更新url-mapping.txt
Fri Aug  1 01:51:52 CST 2025: 2007-06-23-using-vhdmount-with-virtual-pc.html - 轉換完成，HTML轉Markdown，檔名已為英文無需變更
Fri Aug  1 01:53:31 CST 2025: 2007-07-25-推.html → 2007-07-25-adding-push-button.md - 轉換完成，HTML轉Markdown，更新url-mapping.txt
Fri Aug  1 01:54:31 CST 2025: 2007-08-15-停機公告-2.html → 2007-08-15-shutdown-announcement-2.md - 轉換完成，HTML轉Markdown，更新url-mapping.txt
Fri Aug  1 01:56:21 CST 2025: 2007-08-18-又變成水電工了.html → 2007-08-18-becoming-electrician-again.md - 轉換完成，HTML轉Markdown，更新url-mapping.txt
Fri Aug  1 01:57:38 CST 2025: 2007-08-22-不用再龜了-canon-powershot-g9-現身.html → 2007-08-22-canon-powershot-g9-finally-released.md - 轉換完成，HTML轉Markdown，更新url-mapping.txt
Fri Aug  1 01:59:24 CST 2025: 2007-08-29-windows-live-writer-beta2-新版.html → 2007-08-29-windows-live-writer-beta2-new-version.md - 轉換完成，HTML轉Markdown，更新url-mapping.txt
Fri Aug  1 02:00:41 CST 2025: 2007-09-07-停機搬家了-d.html → 2007-09-07-shutdown-moving-announcement.md - 轉換完成，HTML轉Markdown，更新url-mapping.txt
Fri Aug  1 02:01:26 CST 2025: 2007-09-11-finally.html - 轉換完成，HTML轉Markdown，檔名已為英文無需變更
Fri Aug  1 02:03:25 CST 2025: 2007-09-12-水電工日誌-1-cable-tv-面板.html → 2007-09-12-electrician-diary-1-cable-tv-panel.md - 轉換完成，HTML轉Markdown，更新url-mapping.txt
Fri Aug  1 02:07:48 CST 2025: 2007-09-14-水電工日誌-2-資訊插座-面板.html → 2007-09-14-electrician-diary-2-info-socket-panel.md - 轉換完成，HTML轉Markdown，更新url-mapping.txt
